<?xml version="1.0" encoding="UTF-8"?>
<!-- Generated by org.testng.reporters.JUnitReportReporter -->
<testsuite skipped="0" hostname="EIS0240" name="com.souq.test.SearchResultsTest" tests="1" failures="0" timestamp="2021-06-16T16:48:24 EET" time="23.303" errors="0">
  <testcase name="printAndExportSearchListToJson" time="23.303" classname="com.souq.test.SearchResultsTest"/>
  <system-out/>
</testsuite> <!-- com.souq.test.SearchResultsTest -->
