<?xml version="1.0" encoding="UTF-8"?>
<!-- Generated by org.testng.reporters.JUnitReportReporter -->
<testsuite skipped="0" hostname="EIS0240" name="com.souq.test.SearchResultsTest" tests="1" failures="0" timestamp="2021-06-16T11:27:21 EET" time="21.344" errors="0">
  <testcase name="printAndExportSearchListToJson" time="21.344" classname="com.souq.test.SearchResultsTest"/>
  <system-out/>
</testsuite> <!-- com.souq.test.SearchResultsTest -->
