<?xml version="1.0" encoding="UTF-8"?>
<!-- Generated by org.testng.reporters.JUnitReportReporter -->
<testsuite skipped="0" hostname="EIS0240" name="com.souq.test.SearchTest" tests="1" failures="0" timestamp="2021-06-15T21:33:02 EET" time="8.200" errors="0">
  <testcase name="SearchForItem" time="8.200" classname="com.souq.test.SearchTest"/>
  <system-out/>
</testsuite> <!-- com.souq.test.SearchTest -->
